DWS_FILE=/home/ytrilda/Android/kernel-sources/kernels-3.10/honor_5a
DWS_FILE22= /home/ytrilda/Android/kernel-sources/kernels-3.10/honor_5a/../vendor/mediatek/proprietary/custom/hq6735_35u_b1n_l1/kernel/dct/dct/codegen.dws
  GEN     /home/ytrilda/Android/kernel-sources/kernels-3.10/honor_5a/out/Makefile
scripts/kconfig/conf --silentoldconfig Kconfig
DWS_FILE=/home/ytrilda/Android/kernel-sources/kernels-3.10/honor_5a
DWS_FILE22= /home/ytrilda/Android/kernel-sources/kernels-3.10/honor_5a/../vendor/mediatek/proprietary/custom/hq6735_35u_b1n_l1/kernel/dct/dct/codegen.dws
Enter main function!
The 0th param is: 
/home/ytrilda/Android/kernel-sources/kernels-3.10/honor_5a/tools/dct/DrvGen
The 1th param is: 
/home/ytrilda/Android/kernel-sources/kernels-3.10/honor_5a/drivers/misc/mediatek/mach/mt6735/hq6735_35u_b1n_l1/dct/dct/codegen.dws
The 2th param is: 
/home/ytrilda/Android/kernel-sources/kernels-3.10/honor_5a/out/drivers/misc/mediatek/mach/mt6735/hq6735_35u_b1n_l1/dct/dct/inc
The 3th param is: 
/home/ytrilda/Android/kernel-sources/kernels-3.10/honor_5a/out/drivers/misc/mediatek/mach/mt6735/hq6735_35u_b1n_l1/dct/dct/inc
The 4th param is: 
adc_dtsi
begin to open log file!
DCT gen no log file for AOSP!
start to gen code!
start to read workspace!
Enter main function!
The 0th param is: 
/home/ytrilda/Android/kernel-sources/kernels-3.10/honor_5a/tools/dct/DrvGen
The 1th param is: 
/home/ytrilda/Android/kernel-sources/kernels-3.10/honor_5a/drivers/misc/mediatek/mach/mt6735/hq6735_35u_b1n_l1/dct/dct/codegen.dws
The 2th param is: 
/home/ytrilda/Android/kernel-sources/kernels-3.10/honor_5a/out/drivers/misc/mediatek/mach/mt6735/hq6735_35u_b1n_l1/dct/dct/inc
The 3th param is: 
/home/ytrilda/Android/kernel-sources/kernels-3.10/honor_5a/out/drivers/misc/mediatek/mach/mt6735/hq6735_35u_b1n_l1/dct/dct/inc
The 4th param is: 
md1_eint_dtsi
begin to open log file!
DCT gen no log file for AOSP!
start to gen code!
start to read workspace!
Enter main function!
The 0th param is: 
/home/ytrilda/Android/kernel-sources/kernels-3.10/honor_5a/tools/dct/DrvGen
The 1th param is: 
/home/ytrilda/Android/kernel-sources/kernels-3.10/honor_5a/drivers/misc/mediatek/mach/mt6735/hq6735_35u_b1n_l1/dct/dct/codegen.dws
The 2th param is: 
/home/ytrilda/Android/kernel-sources/kernels-3.10/honor_5a/out/drivers/misc/mediatek/mach/mt6735/hq6735_35u_b1n_l1/dct/dct/inc
The 3th param is: 
/home/ytrilda/Android/kernel-sources/kernels-3.10/honor_5a/out/drivers/misc/mediatek/mach/mt6735/hq6735_35u_b1n_l1/dct/dct/inc
The 4th param is: 
kpd_dtsi
begin to open log file!
DCT gen no log file for AOSP!
start to gen code!
start to read workspace!
www gen kernel codegen dws
/home/ytrilda/Android/kernel-sources/kernels-3.10/honor_5a/drivers/misc/mediatek/mach/mt6735/hq6735_35u_b1n_l1/dct/dct/codegen.dws
start to parse fig file!
/home/ytrilda/Android/kernel-sources/kernels-3.10/honor_5a/drivers/misc/mediatek/mach/mt6735/hq6735_35u_b1n_l1/dct/dct/codegen.dws
start to parse fig file!
/home/ytrilda/Android/kernel-sources/kernels-3.10/honor_5a/drivers/misc/mediatek/mach/mt6735/hq6735_35u_b1n_l1/dct/dct/codegen.dws
start to parse fig file!
Enter main function!
The 0th param is: 
/home/ytrilda/Android/kernel-sources/kernels-3.10/honor_5a/tools/dct/DrvGen
The 1th param is: 
/home/ytrilda/Android/kernel-sources/kernels-3.10/honor_5a/drivers/misc/mediatek/mach/mt6735/hq6735_35u_b1n_l1/dct/dct/codegen.dws
The 2th param is: 
/home/ytrilda/Android/kernel-sources/kernels-3.10/honor_5a/out/drivers/misc/mediatek/mach/mt6735/hq6735_35u_b1n_l1/dct/dct/inc
The 3th param is: 
/home/ytrilda/Android/kernel-sources/kernels-3.10/honor_5a/out/drivers/misc/mediatek/mach/mt6735/hq6735_35u_b1n_l1/dct/dct/inc
The 4th param is: 
clk_buf_dtsi
begin to open log file!
DCT gen no log file for AOSP!
start to gen code!
start to read workspace!
/home/ytrilda/Android/kernel-sources/kernels-3.10/honor_5a/drivers/misc/mediatek/mach/mt6735/hq6735_35u_b1n_l1/dct/dct/codegen.dws
start to parse fig file!
start to parse fig file!
Start to gen cust_adc.dtsi...
Gen cust_adc.dtsi file successfully!.
start to parse fig file!
Start to gen cust_md1_eint.dtsi...
Gen cust_md1_eint.dtsi file successfully!.
  GEN     /home/ytrilda/Android/kernel-sources/kernels-3.10/honor_5a/out/Makefile
start to parse fig file!
Start to gen cust_clk_buf.dtsi...
Gen cust_clk_buf.dtsi file successfully!.
start to parse fig file!
Start to gen cust_kpd.dtsi...
Gen cust_kpd.dtsi file successfully!.
  CHK     include/generated/uapi/linux/version.h
  CHK     include/generated/utsrelease.h
  UPD     include/generated/utsrelease.h
Enter main function!
The 0th param is: 
/home/ytrilda/Android/kernel-sources/kernels-3.10/honor_5a/tools/dct/DrvGen
The 1th param is: 
/home/ytrilda/Android/kernel-sources/kernels-3.10/honor_5a/drivers/misc/mediatek/mach/mt6735/hq6735_35u_b1n_l1/dct/dct/codegen.dws
The 2th param is: 
/home/ytrilda/Android/kernel-sources/kernels-3.10/honor_5a/out/drivers/misc/mediatek/mach/mt6735/hq6735_35u_b1n_l1/dct/dct/inc
The 3th param is: 
/home/ytrilda/Android/kernel-sources/kernels-3.10/honor_5a/out/drivers/misc/mediatek/mach/mt6735/hq6735_35u_b1n_l1/dct/dct/inc
The 4th param is: 
kpd_h
begin to open log file!
DCT gen no log file for AOSP!
start to gen code!
start to read workspace!
  Using /home/ytrilda/Android/kernel-sources/kernels-3.10/honor_5a as source for kernel
/home/ytrilda/Android/kernel-sources/kernels-3.10/honor_5a/drivers/misc/mediatek/mach/mt6735/hq6735_35u_b1n_l1/dct/dct/codegen.dws
start to parse fig file!
  CC      scripts/mod/devicetable-offsets.s
  GEN     scripts/mod/devicetable-offsets.h
  HOSTCC  scripts/mod/file2alias.o
start to parse fig file!
Start to generate cust_kpd.h...
Gen cust_kpd.h successfully
make[2]: «include/generated/mach-types.h» не требует обновления.
  CALL    /home/ytrilda/Android/kernel-sources/kernels-3.10/honor_5a/scripts/checksyscalls.sh
  HOSTLD  scripts/mod/modpost
  CHK     include/generated/compile.h
  CC      init/version.o
  LD      init/built-in.o
  CC      kernel/sys.o
  CC      mm/mlock.o
  CC      security/selinux/avc.o
  LD      mm/built-in.o
  CC      security/selinux/hooks.o
  CC      drivers/base/firmware_class.o
  CC      kernel/power/tuxonice_highlevel.o
  CC      kernel/trace/trace.o
  LD      drivers/base/built-in.o
  LD      kernel/power/tuxonice_bio.o
  LD      kernel/power/tuxonice_core.o
  LD      kernel/power/built-in.o
  CC      security/selinux/selinuxfs.o
"CONFIG_TRUSTONIC_TEE_SUPPORT = "
  CC      security/selinux/netlink.o
  LD      kernel/trace/built-in.o
  LD      kernel/built-in.o
  CC      security/selinux/nlmsgtab.o
  CC      security/selinux/netif.o
  CC      security/selinux/netnode.o
  CC      security/selinux/netport.o
  CC      security/selinux/exports.o
  CC      security/selinux/ss/ebitmap.o
  CC      security/selinux/ss/sidtab.o
  CC      security/selinux/ss/avtab.o
  CC      security/selinux/ss/policydb.o
  CC      security/selinux/ss/services.o
mali MTK evironment
imgsensor drv by platform ov13850_mipi_raw ov13850qt_mipi_raw s5k4h8_mipi_raw imx219_mipi_raw ov5670_mipi_raw hi551_mipi_raw gc2355_mipi_raw sp2508_mipi_raw ov8855_mipi_raw ov2680_mipi_raw
  CC      drivers/misc/mediatek/keypad/kpd.o
  CC      security/selinux/ss/conditional.o
  CC      security/selinux/ss/mls.o
  CC      drivers/misc/mediatek/keypad/mt6735/hal_kpd.o
  CC      security/selinux/ss/status.o
  LD      drivers/misc/mediatek/keypad/mt6735/built-in.o
  LD      drivers/misc/mediatek/keypad/built-in.o
  CC      security/lsm_audit.o
  LD      security/selinux/selinux.o
  LD      security/selinux/built-in.o
  LD      security/built-in.o
  CC      drivers/misc/mediatek/mach/mt6735/hq6735_35u_b1n_l1/keypad/mtk_kpd_bkl.o
  LD      drivers/misc/mediatek/mach/mt6735/hq6735_35u_b1n_l1/keypad/built-in.o
  LD      drivers/misc/mediatek/mach/mt6735/hq6735_35u_b1n_l1/built-in.o
  LD      drivers/misc/mediatek/mach/mt6735/built-in.o
  LD      drivers/misc/mediatek/mach/built-in.o
  LD      drivers/misc/mediatek/built-in.o
  LD      drivers/misc/built-in.o
  LD      drivers/built-in.o
  LINK    vmlinux
  LD      vmlinux.o
  MODPOST vmlinux.o
  GEN     .version
  CHK     include/generated/compile.h
  UPD     include/generated/compile.h
  CC      init/version.o
  LD      init/built-in.o
  KSYM    .tmp_kallsyms1.o
  KSYM    .tmp_kallsyms2.o
  LD      vmlinux
  SORTEX  vmlinux
  SYSMAP  System.map
  OBJCOPY arch/arm/boot/Image
  DTC     arch/arm/boot/dts/hq6735_35u_b1n_l1.dtb
  Kernel: arch/arm/boot/Image is ready
  GZIP    arch/arm/boot/compressed/piggy.gzip
  AS      arch/arm/boot/compressed/piggy.gzip.o
  LD      arch/arm/boot/compressed/vmlinux
  OBJCOPY arch/arm/boot/zImage
  Kernel: arch/arm/boot/zImage is ready
  CAT     arch/arm/boot/zImage-dtb
  Kernel: arch/arm/boot/zImage-dtb is ready
